Arguments: 
  C:\Program Files\nodejs\node.exe C:\Users\user\AppData\Roaming\npm\node_modules\yarn\bin\yarn.js add prosemirror-state

PATH: 
  C:\Program Files\ImageMagick-7.1.1-Q16-HDRI;C:\Ruby31-x64\bin;C:\Windows\system32;C:\Windows;C:\Windows\System32\Wbem;C:\Windows\System32\WindowsPowerShell\v1.0\;C:\Windows\System32\OpenSSH\;C:\Program Files\Git\cmd;C:\Program Files (x86)\sqlite;C:\Users\user\AppData\Roaming\nvm;C:\Program Files\nodejs;C:\Program Files\Docker\Docker\resources\bin;C:\ProgramData\chocolatey\bin;C:\Program Files\Memurai\;C:\Program Files\TortoiseGit\bin;C:\Users\user\AppData\Local\Microsoft\WindowsApps;C:\Users\user\AppData\Roaming\npm;C:\Users\user\AppData\Local\Programs\Microsoft VS Code\bin;C:\Users\user\AppData\Roaming\npm\node_modules\@angular\cli\bin;C:\Users\user\AppData\Roaming\nvm;C:\Program Files\nodejs;C:\Redis;C:\Users\user\AppData\Local\Programs\cursor\resources\app\bin

Yarn version: 
  1.22.19

Node version: 
  20.19.5

Platform: 
  win32 x64

Trace: 
  Error: EPERM: operation not permitted, unlink 'C:\Work\cv_converter\node_modules\@tailwindcss\oxide-win32-x64-msvc\tailwindcss-oxide.win32-x64-msvc.node'

npm manifest: 
  {
    "name": "app",
    "private": true,
    "devDependencies": {
      "esbuild": "^0.25.6"
    },
    "scripts": {
      "build": "esbuild app/javascript/*.* --bundle --sourcemap --format=esm --outdir=app/assets/builds --public-path=/assets",
      "build:css": "npx @tailwindcss/cli -i ./app/assets/stylesheets/application.tailwind.css -o ./app/assets/builds/application.css --minify",
      "watch:js": "esbuild app/javascript/*.* --bundle --sourcemap --format=esm --outdir=app/assets/builds --public-path=/assets --watch",
      "watch:css": "npx @tailwindcss/cli -i ./app/assets/stylesheets/application.tailwind.css -o ./app/assets/builds/application.css --watch"
    },
    "dependencies": {
      "@hotwired/stimulus": "^3.2.2",
      "@hotwired/turbo-rails": "^8.0.16",
      "@tailwindcss/cli": "^4.1.11",
      "@tiptap/core": "^3.4.0",
      "@tiptap/extension-blockquote": "^3.4.0",
      "@tiptap/extension-bold": "^3.4.0",
      "@tiptap/extension-bullet-list": "^3.4.0",
      "@tiptap/extension-code-block": "^3.4.0",
      "@tiptap/extension-heading": "^3.4.0",
      "@tiptap/extension-horizontal-rule": "^3.4.0",
      "@tiptap/extension-image": "^3.4.0",
      "@tiptap/extension-italic": "^3.4.0",
      "@tiptap/extension-link": "^3.4.0",
      "@tiptap/extension-list-item": "^3.4.0",
      "@tiptap/extension-ordered-list": "^3.4.0",
      "@tiptap/extension-placeholder": "^3.4.0",
      "@tiptap/extension-strike": "^3.4.0",
      "@tiptap/extension-table": "^3.4.0",
      "@tiptap/extension-table-cell": "^3.4.0",
      "@tiptap/extension-table-header": "^3.4.0",
      "@tiptap/extension-table-row": "^3.4.0",
      "@tiptap/extension-text-align": "^3.4.0",
      "@tiptap/extension-underline": "^3.4.0",
      "@tiptap/pm": "^3.4.0",
      "@tiptap/prosemirror-tables": "^1.1.4",
      "@tiptap/starter-kit": "^3.4.0",
      "grapesjs": "^0.22.11",
      "grapesjs-blocks-basic": "^1.0.2",
      "grapesjs-preset-webpage": "^1.0.3",
      "tailwindcss": "^4.1.11"
    }
  }

yarn manifest: 
  No manifest

Lockfile: 
  # THIS IS AN AUTOGENERATED FILE. DO NOT EDIT THIS FILE DIRECTLY.
  # yarn lockfile v1
  
  
  "@ampproject/remapping@^2.3.0":
    version "2.3.0"
    resolved "https://registry.npmjs.org/@ampproject/remapping/-/remapping-2.3.0.tgz"
    integrity sha512-30iZtAPgz+LTIYoeivqYo853f02jBYSd5uGnGpkFV0M3xOt9aN73erkgYAmZU43x4VfqcnLxW9Kpg3R5LC4YYw==
    dependencies:
      "@jridgewell/gen-mapping" "^0.3.5"
      "@jridgewell/trace-mapping" "^0.3.24"
  
  "@esbuild/win32-x64@0.25.6":
    version "0.25.6"
    resolved "https://registry.npmjs.org/@esbuild/win32-x64/-/win32-x64-0.25.6.tgz"
    integrity sha512-NgJPHHbEpLQgDH2MjQu90pzW/5vvXIZ7KOnPyNBm92A6WgZ/7b6fJyUBjoumLqeOQQGqY2QjQxRo97ah4Sj0cA==
  
  "@hotwired/stimulus@^3.2.2":
    version "3.2.2"
    resolved "https://registry.npmjs.org/@hotwired/stimulus/-/stimulus-3.2.2.tgz"
    integrity sha512-eGeIqNOQpXoPAIP7tC1+1Yc1yl1xnwYqg+3mzqxyrbE5pg5YFBZcA6YoTiByJB6DKAEsiWtl6tjTJS4IYtbB7A==
  
  "@hotwired/turbo-rails@^8.0.16":
    version "8.0.16"
    resolved "https://registry.npmjs.org/@hotwired/turbo-rails/-/turbo-rails-8.0.16.tgz"
    integrity sha512-Yxiy2x+N3eOIEDokvLzSrd08aI5RDKnFYDQFl2J/LuMEWTtPdY7oNP0F/gv/sSe5AV23Lwz4FitG/uNFXNM5tA==
    dependencies:
      "@hotwired/turbo" "^8.0.13"
      "@rails/actioncable" ">=7.0"
  
  "@hotwired/turbo@^8.0.13":
    version "8.0.13"
    resolved "https://registry.npmjs.org/@hotwired/turbo/-/turbo-8.0.13.tgz"
    integrity sha512-M7qXUqcGab6G5PKOiwhgbByTtrPgKPFCTMNQ52QhzUEXEqmp0/ApEguUesh/FPiUjrmFec+3lq98KsWnYY2C7g==
  
  "@isaacs/fs-minipass@^4.0.0":
    version "4.0.1"
    resolved "https://registry.npmjs.org/@isaacs/fs-minipass/-/fs-minipass-4.0.1.tgz"
    integrity sha512-wgm9Ehl2jpeqP3zw/7mo3kRHFp5MEDhqAdwy1fTGkHAwnkGOVsgpvQhL8B5n1qlb01jV3n/bI0ZfZp5lWA1k4w==
    dependencies:
      minipass "^7.0.4"
  
  "@jridgewell/gen-mapping@^0.3.5":
    version "0.3.12"
    resolved "https://registry.npmjs.org/@jridgewell/gen-mapping/-/gen-mapping-0.3.12.tgz"
    integrity sha512-OuLGC46TjB5BbN1dH8JULVVZY4WTdkF7tV9Ys6wLL1rubZnCMstOhNHueU5bLCrnRuDhKPDM4g6sw4Bel5Gzqg==
    dependencies:
      "@jridgewell/sourcemap-codec" "^1.5.0"
      "@jridgewell/trace-mapping" "^0.3.24"
  
  "@jridgewell/resolve-uri@^3.1.0":
    version "3.1.2"
    resolved "https://registry.npmjs.org/@jridgewell/resolve-uri/-/resolve-uri-3.1.2.tgz"
    integrity sha512-bRISgCIjP20/tbWSPWMEi54QVPRZExkuD9lJL+UIxUKtwVJA8wW1Trb1jMs1RFXo1CBTNZ/5hpC9QvmKWdopKw==
  
  "@jridgewell/sourcemap-codec@^1.4.14", "@jridgewell/sourcemap-codec@^1.5.0":
    version "1.5.4"
    resolved "https://registry.npmjs.org/@jridgewell/sourcemap-codec/-/sourcemap-codec-1.5.4.tgz"
    integrity sha512-VT2+G1VQs/9oz078bLrYbecdZKs912zQlkelYpuf+SXF+QvZDYJlbx/LSx+meSAwdDFnF8FVXW92AVjjkVmgFw==
  
  "@jridgewell/trace-mapping@^0.3.24":
    version "0.3.29"
    resolved "https://registry.npmjs.org/@jridgewell/trace-mapping/-/trace-mapping-0.3.29.tgz"
    integrity sha512-uw6guiW/gcAGPDhLmd77/6lW8QLeiV5RUTsAX46Db6oLhGaVj4lhnPwb184s1bkc8kdVg/+h988dro8GRDpmYQ==
    dependencies:
      "@jridgewell/resolve-uri" "^3.1.0"
      "@jridgewell/sourcemap-codec" "^1.4.14"
  
  "@parcel/watcher-win32-x64@2.5.1":
    version "2.5.1"
    resolved "https://registry.npmjs.org/@parcel/watcher-win32-x64/-/watcher-win32-x64-2.5.1.tgz"
    integrity sha512-9lHBdJITeNR++EvSQVUcaZoWupyHfXe1jZvGZ06O/5MflPcuPLtEphScIBL+AiCWBO46tDSHzWyD0uDmmZqsgA==
  
  "@parcel/watcher@^2.5.1":
    version "2.5.1"
    resolved "https://registry.npmjs.org/@parcel/watcher/-/watcher-2.5.1.tgz"
    integrity sha512-dfUnCxiN9H4ap84DvD2ubjw+3vUNpstxa0TneY/Paat8a3R4uQZDLSvWjmznAY/DoahqTHl9V46HF/Zs3F29pg==
    dependencies:
      detect-libc "^1.0.3"
      is-glob "^4.0.3"
      micromatch "^4.0.5"
      node-addon-api "^7.0.0"
    optionalDependencies:
      "@parcel/watcher-android-arm64" "2.5.1"
      "@parcel/watcher-darwin-arm64" "2.5.1"
      "@parcel/watcher-darwin-x64" "2.5.1"
      "@parcel/watcher-freebsd-x64" "2.5.1"
      "@parcel/watcher-linux-arm-glibc" "2.5.1"
      "@parcel/watcher-linux-arm-musl" "2.5.1"
      "@parcel/watcher-linux-arm64-glibc" "2.5.1"
      "@parcel/watcher-linux-arm64-musl" "2.5.1"
      "@parcel/watcher-linux-x64-glibc" "2.5.1"
      "@parcel/watcher-linux-x64-musl" "2.5.1"
      "@parcel/watcher-win32-arm64" "2.5.1"
      "@parcel/watcher-win32-ia32" "2.5.1"
      "@parcel/watcher-win32-x64" "2.5.1"
  
  "@rails/actioncable@>=7.0":
    version "8.0.200"
    resolved "https://registry.npmjs.org/@rails/actioncable/-/actioncable-8.0.200.tgz"
    integrity sha512-EDqWyxck22BHmv1e+mD8Kl6GmtNkhEPdRfGFT7kvsv1yoXd9iYrqHDVAaR8bKmU/syC5eEZ2I5aWWxtB73ukMw==
  
  "@remirror/core-constants@3.0.0":
    version "3.0.0"
    resolved "https://registry.npmjs.org/@remirror/core-constants/-/core-constants-3.0.0.tgz"
    integrity sha512-42aWfPrimMfDKDi4YegyS7x+/0tlzaqwPQCULLanv3DMIlu96KTJR0fM5isWX2UViOqlGnX6YFgqWepcX+XMNg==
  
  "@tailwindcss/cli@^4.1.11":
    version "4.1.11"
    resolved "https://registry.npmjs.org/@tailwindcss/cli/-/cli-4.1.11.tgz"
    integrity sha512-7RAFOrVaXCFz5ooEG36Kbh+sMJiI2j4+Ozp71smgjnLfBRu7DTfoq8DsTvzse2/6nDeo2M3vS/FGaxfDgr3rtQ==
    dependencies:
      "@parcel/watcher" "^2.5.1"
      "@tailwindcss/node" "4.1.11"
      "@tailwindcss/oxide" "4.1.11"
      enhanced-resolve "^5.18.1"
      mri "^1.2.0"
      picocolors "^1.1.1"
      tailwindcss "4.1.11"
  
  "@tailwindcss/node@4.1.11":
    version "4.1.11"
    resolved "https://registry.npmjs.org/@tailwindcss/node/-/node-4.1.11.tgz"
    integrity sha512-yzhzuGRmv5QyU9qLNg4GTlYI6STedBWRE7NjxP45CsFYYq9taI0zJXZBMqIC/c8fViNLhmrbpSFS57EoxUmD6Q==
    dependencies:
      "@ampproject/remapping" "^2.3.0"
      enhanced-resolve "^5.18.1"
      jiti "^2.4.2"
      lightningcss "1.30.1"
      magic-string "^0.30.17"
      source-map-js "^1.2.1"
      tailwindcss "4.1.11"
  
  "@tailwindcss/oxide-win32-x64-msvc@4.1.11":
    version "4.1.11"
    resolved "https://registry.npmjs.org/@tailwindcss/oxide-win32-x64-msvc/-/oxide-win32-x64-msvc-4.1.11.tgz"
    integrity sha512-YfHoggn1j0LK7wR82TOucWc5LDCguHnoS879idHekmmiR7g9HUtMw9MI0NHatS28u/Xlkfi9w5RJWgz2Dl+5Qg==
  
  "@tailwindcss/oxide@4.1.11":
    version "4.1.11"
    resolved "https://registry.npmjs.org/@tailwindcss/oxide/-/oxide-4.1.11.tgz"
    integrity sha512-Q69XzrtAhuyfHo+5/HMgr1lAiPP/G40OMFAnws7xcFEYqcypZmdW8eGXaOUIeOl1dzPJBPENXgbjsOyhg2nkrg==
    dependencies:
      detect-libc "^2.0.4"
      tar "^7.4.3"
    optionalDependencies:
      "@tailwindcss/oxide-android-arm64" "4.1.11"
      "@tailwindcss/oxide-darwin-arm64" "4.1.11"
      "@tailwindcss/oxide-darwin-x64" "4.1.11"
      "@tailwindcss/oxide-freebsd-x64" "4.1.11"
      "@tailwindcss/oxide-linux-arm-gnueabihf" "4.1.11"
      "@tailwindcss/oxide-linux-arm64-gnu" "4.1.11"
      "@tailwindcss/oxide-linux-arm64-musl" "4.1.11"
      "@tailwindcss/oxide-linux-x64-gnu" "4.1.11"
      "@tailwindcss/oxide-linux-x64-musl" "4.1.11"
      "@tailwindcss/oxide-wasm32-wasi" "4.1.11"
      "@tailwindcss/oxide-win32-arm64-msvc" "4.1.11"
      "@tailwindcss/oxide-win32-x64-msvc" "4.1.11"
  
  "@tiptap/core@^3.4.0":
    version "3.4.0"
    resolved "https://registry.npmjs.org/@tiptap/core/-/core-3.4.0.tgz"
    integrity sha512-XctgRze29kAO+T/MNtbJZKGMYxY/OM8AwZFaer8O84pjn2YmQW3CjlejRhVk9sFp8O1LLttsJTEuRGpgG2aAsg==
  
  "@tiptap/extension-blockquote@^3.4.0":
    version "3.4.0"
    resolved "https://registry.npmjs.org/@tiptap/extension-blockquote/-/extension-blockquote-3.4.0.tgz"
    integrity sha512-QyrewxdfMWnQ3xoaNJGgbolyPhXU3Ogcj4b8E8UUVmAcaF7aVYRQtbRuuKRdPHgJrDrXHwmG8tkOO20QAIsUdw==
  
  "@tiptap/extension-bold@^3.4.0":
    version "3.4.0"
    resolved "https://registry.npmjs.org/@tiptap/extension-bold/-/extension-bold-3.4.0.tgz"
    integrity sha512-2iRUjlcYveoYwC650ays0wwzeYBzzp7mgthhuyFxwHCVnpcohmYtqagOCmS31KFc7WAgjaUF468V9hL2m1ql3A==
  
  "@tiptap/extension-bullet-list@^3.4.0":
    version "3.4.0"
    resolved "https://registry.npmjs.org/@tiptap/extension-bullet-list/-/extension-bullet-list-3.4.0.tgz"
    integrity sha512-0betVayvWDdD4DQjVd2ENoDW3vpI74yPPow2lXszKEnyF2sQntxOY4ry5q0oZGS48FXDx/kCHa1ZY9pit78c8Q==
  
  "@tiptap/extension-code-block@^3.4.0":
    version "3.4.0"
    resolved "https://registry.npmjs.org/@tiptap/extension-code-block/-/extension-code-block-3.4.0.tgz"
    integrity sha512-UT5uQJFZZNIR42HPeQHEypW5zPVyg0w9Y4fh8BUS5VWOtu+PHcuqn4767Q3xSt0toQ4qCm757bznbsQ0JAeslw==
  
  "@tiptap/extension-code@^3.4.0":
    version "3.4.0"
    resolved "https://registry.npmjs.org/@tiptap/extension-code/-/extension-code-3.4.0.tgz"
    integrity sha512-mwUNAh3rOWmZr1leVCF/WWuyZ16rHWT5rqMOafXWECRC1Ylu0tLi2TsCC2Cv6VzVxiMlfuAYCqIp4hz+DfeVNA==
  
  "@tiptap/extension-document@^3.4.0":
    version "3.4.0"
    resolved "https://registry.npmjs.org/@tiptap/extension-document/-/extension-document-3.4.0.tgz"
    integrity sha512-+TSbm2Vx1YEH1d+Mttk6OTPe9indEPe1ZUc5yPEyOQPKSTXVVJrvwCmLOqCGxhBbEvKCjGlQpSLmLpZ4UVCvsQ==
  
  "@tiptap/extension-dropcursor@^3.4.0":
    version "3.4.0"
    resolved "https://registry.npmjs.org/@tiptap/extension-dropcursor/-/extension-dropcursor-3.4.0.tgz"
    integrity sha512-ShsDSC4umKGBUi7aMJamtsOVyRce+An/YX2Qv5NlP3FxdS07EJbj7dziaftoyV0Zk9vKFCXxYzRCgjodE4rgEw==
  
  "@tiptap/extension-gapcursor@^3.4.0":
    version "3.4.0"
    resolved "https://registry.npmjs.org/@tiptap/extension-gapcursor/-/extension-gapcursor-3.4.0.tgz"
    integrity sha512-f84/fjeu5wxaAcBlpGh7i2xfKGgxlhufhDlV0KyNB7SmAPBc8jlp4behUtbcmM0q6MpYuEZ8e9JaeLY4pwJnvA==
  
  "@tiptap/extension-hard-break@^3.4.0":
    version "3.4.0"
    resolved "https://registry.npmjs.org/@tiptap/extension-hard-break/-/extension-hard-break-3.4.0.tgz"
    integrity sha512-rt5sqBGHJY69DFTLxulT8AyJbRJ4WIkK7Bu0TVfuztSjGmyWBZGjg1GUkfh7T8caYpXQZ6EhhVQaQTw1cUWm3w==
  
  "@tiptap/extension-heading@^3.4.0":
    version "3.4.0"
    resolved "https://registry.npmjs.org/@tiptap/extension-heading/-/extension-heading-3.4.0.tgz"
    integrity sha512-I6acaSh89tbGnxJyoHgvpg1EeD3gGly4cJ9EhOsNxRtmdmZBpIlYJFBUT+XIwD68IMoGQk7BgkvUMPmmEiAhCQ==
  
  "@tiptap/extension-horizontal-rule@^3.4.0":
    version "3.4.0"
    resolved "https://registry.npmjs.org/@tiptap/extension-horizontal-rule/-/extension-horizontal-rule-3.4.0.tgz"
    integrity sha512-E8g9lOYJCX1Dv5XsleD8u+yzaF+Pyn0g8WGrMC8mIUfrWMdWzTL/gFeLQtAMfaLEuddTpJjykSwaDG7XceM2Rg==
  
  "@tiptap/extension-image@^3.4.0":
    version "3.4.0"
    resolved "https://registry.npmjs.org/@tiptap/extension-image/-/extension-image-3.4.0.tgz"
    integrity sha512-pDrx8g+3JGUNkXPHYQ7YtgIbyHmxHmwnSG4TM2Z5drc4yrKPFol1w3spg6dq2JnTPds/FZv8Z/hJ9FhaSmA/Tw==
  
  "@tiptap/extension-italic@^3.4.0":
    version "3.4.0"
    resolved "https://registry.npmjs.org/@tiptap/extension-italic/-/extension-italic-3.4.0.tgz"
    integrity sha512-QR/mtAa17zo1aflZT6kmvpPjjPwo/IasdP7OCAJ0M658C1VQZQ8XxCDRQR66eSqNkUed1y0RAm8gIDrvkY7E6A==
  
  "@tiptap/extension-link@^3.4.0":
    version "3.4.0"
    resolved "https://registry.npmjs.org/@tiptap/extension-link/-/extension-link-3.4.0.tgz"
    integrity sha512-ISLmyHm/Tw2rafWAXOiwi+V45Kmv/e37CmURvXv7106FI9IawBV0S08EiXhJ9hMtNz2ilvk1EWw/V38PKMHV2A==
    dependencies:
      linkifyjs "^4.3.2"
  
  "@tiptap/extension-list-item@^3.4.0":
    version "3.4.0"
    resolved "https://registry.npmjs.org/@tiptap/extension-list-item/-/extension-list-item-3.4.0.tgz"
    integrity sha512-3hUPr3Z4dG3lajtnNpX0Eyn1WdRTO1SgeSwZbRSlgrnteIbRMZOJNHtkyNP9lbpTZQQ2KJVDfiPXos66etCBwg==
  
  "@tiptap/extension-list-keymap@^3.4.0":
    version "3.4.0"
    resolved "https://registry.npmjs.org/@tiptap/extension-list-keymap/-/extension-list-keymap-3.4.0.tgz"
    integrity sha512-rqZ3gqoG4yctDqGiRO7aoZGS9uFP29Oo6Ca5MurHiTGAK+p2unEVrIVywKX8KEZ863YpTNjWNVxk/QKfwwuX6Q==
  
  "@tiptap/extension-list@^3.4.0":
    version "3.4.0"
    resolved "https://registry.npmjs.org/@tiptap/extension-list/-/extension-list-3.4.0.tgz"
    integrity sha512-y6d2iGnMKVAglkf+TbsvXRcYrZoAzgMQRAbgZK7b6Gkc7ivMdg7yaT+w9aH5JG8EMe9lb9FWILpkxWSmeq4LXg==
  
  "@tiptap/extension-ordered-list@^3.4.0":
    version "3.4.0"
    resolved "https://registry.npmjs.org/@tiptap/extension-ordered-list/-/extension-ordered-list-3.4.0.tgz"
    integrity sha512-2F/c2NPESYTsIzZr5KFzpjFEsJzqTnBbmYpRA6kDlwGSfvYlcxb22KyD0zrKXClls4OkVSsUbar+HSsaYDuCvQ==
  
  "@tiptap/extension-paragraph@^3.4.0":
    version "3.4.0"
    resolved "https://registry.npmjs.org/@tiptap/extension-paragraph/-/extension-paragraph-3.4.0.tgz"
    integrity sha512-1nNG2zgWF2O54DC5U7Kper5UEEO+FzvmDZNGc/Ajm7B3vfU8GvW19AK9aesXUH3eubTvrYoRqeMbvtjrArQdug==
  
  "@tiptap/extension-placeholder@^3.4.0":
    version "3.4.0"
    resolved "https://registry.npmjs.org/@tiptap/extension-placeholder/-/extension-placeholder-3.4.0.tgz"
    integrity sha512-uFfV3ObR0Vtisf06KKF00DElYCv/KNKoU2/xzLBxmmT1wzxMaApOFa3aXuOWnZcL7lxmyge4AgbUfztlO8yssg==
  
  "@tiptap/extension-strike@^3.4.0":
    version "3.4.0"
    resolved "https://registry.npmjs.org/@tiptap/extension-strike/-/extension-strike-3.4.0.tgz"
    integrity sha512-sJqlO/c/94nRT3nHQEcp6TEHzPWbcxyxOEIufPEAOZn3FCeQby7klo3uLESxtncNoHQ7NmMK5ZYTgCt3Rj4fPQ==
  
  "@tiptap/extension-table-cell@^3.4.0":
    version "3.4.0"
    resolved "https://registry.npmjs.org/@tiptap/extension-table-cell/-/extension-table-cell-3.4.0.tgz"
    integrity sha512-0Vdx9wClNvMU/3j8gOwLJ+z4oD5YS5pZstWcg3y3/J9u642C2rPLtGzhj/FjkCA3dlmXUQGGE53YoOxeB+T5bg==
  
  "@tiptap/extension-table-header@^3.4.0":
    version "3.4.0"
    resolved "https://registry.npmjs.org/@tiptap/extension-table-header/-/extension-table-header-3.4.0.tgz"
    integrity sha512-g5As/y/7SoljHKOHCtk6H+KFwcHx5S273ijtIuozui5kHkekgKLSeQQlGWNy848ySfko9TjiNP4jbtYkEwFsXA==
  
  "@tiptap/extension-table-row@^3.4.0":
    version "3.4.0"
    resolved "https://registry.npmjs.org/@tiptap/extension-table-row/-/extension-table-row-3.4.0.tgz"
    integrity sha512-UQljJGTxtN0GAQlYhPvb2keU0PXJddyB0botWeU3nzuX20vqwAjiop8jUgGmMhy+OxkQZXRhxUYCe9GCePQs1w==
  
  "@tiptap/extension-table@^3.4.0":
    version "3.4.0"
    resolved "https://registry.npmjs.org/@tiptap/extension-table/-/extension-table-3.4.0.tgz"
    integrity sha512-6OL5Y0cKyhm0niKlhMbu8i7gV8FtNCVPVY11+if6KUKQFQXEzz+afpCBwjILtQdnAtJz1XbV5mN0/6Wb2It/IQ==
  
  "@tiptap/extension-text-align@^3.4.0":
    version "3.4.0"
    resolved "https://registry.npmjs.org/@tiptap/extension-text-align/-/extension-text-align-3.4.0.tgz"
    integrity sha512-73/ZRb0Os3Jh3C8nWS48ARRLNmK8SrZ4nzslKqG5Oq2LrVOgWGqtcCQLldxVaiPCFzXM6mD+bCXysFy4u/92EA==
  
  "@tiptap/extension-text@^3.4.0":
    version "3.4.0"
    resolved "https://registry.npmjs.org/@tiptap/extension-text/-/extension-text-3.4.0.tgz"
    integrity sha512-a1PwSqIiwgrNTkQ6hL4iH6EttRYClXIA0D6a8C4nQGvBZiv7Y9tpI1NP5d7rXNzHFWORrA2cX/3cJu+bVhBmoA==
  
  "@tiptap/extension-underline@^3.4.0":
    version "3.4.0"
    resolved "https://registry.npmjs.org/@tiptap/extension-underline/-/extension-underline-3.4.0.tgz"
    integrity sha512-wJOnuhf/Zzx49q/IqJs3zlGgSyi40lqhYXucfIfThc6So1tG7+HSwPbVdVwboWLenB78ydDFR9fS7Pj/uAuY+A==
  
  "@tiptap/extensions@^3.4.0":
    version "3.4.0"
    resolved "https://registry.npmjs.org/@tiptap/extensions/-/extensions-3.4.0.tgz"
    integrity sha512-jk4bWu3n3P+IpojuobX/p/KOi2dLIc0mNrvlrFDc3N9NAlaEHRWOVUd+PNddorGRf9L1r9lVwzlCRBwS9N5C9g==
  
  "@tiptap/pm@^3.4.0":
    version "3.4.0"
    resolved "https://registry.npmjs.org/@tiptap/pm/-/pm-3.4.0.tgz"
    integrity sha512-7hI5cvjQn19C1zLPEWcDDDjXVUL5I8nhJvo5ggh4KxvjSXZ991q8jVNJa5BmIW5y/K4xDIrLqq5/B5LWsFwSNQ==
    dependencies:
      prosemirror-changeset "^2.3.0"
      prosemirror-collab "^1.3.1"
      prosemirror-commands "^1.6.2"
      prosemirror-dropcursor "^1.8.1"
      prosemirror-gapcursor "^1.3.2"
      prosemirror-history "^1.4.1"
      prosemirror-inputrules "^1.4.0"
      prosemirror-keymap "^1.2.2"
      prosemirror-markdown "^1.13.1"
      prosemirror-menu "^1.2.4"
      prosemirror-model "^1.24.1"
      prosemirror-schema-basic "^1.2.3"
      prosemirror-schema-list "^1.5.0"
      prosemirror-state "^1.4.3"
      prosemirror-tables "^1.6.4"
      prosemirror-trailing-node "^3.0.0"
      prosemirror-transform "^1.10.2"
      prosemirror-view "^1.38.1"
  
  "@tiptap/prosemirror-tables@^1.1.4":
    version "1.1.4"
    resolved "https://registry.npmjs.org/@tiptap/prosemirror-tables/-/prosemirror-tables-1.1.4.tgz"
    integrity sha512-O2XnDhZV7xTHSFxMMl8Ei3UVeCxuMlbGYZ+J2QG8CzkK8mxDpBa66kFr5DdyAhvdi1ptpcH9u7/GMwItQpN4sA==
  
  "@tiptap/starter-kit@^3.4.0":
    version "3.4.0"
    resolved "https://registry.npmjs.org/@tiptap/starter-kit/-/starter-kit-3.4.0.tgz"
    integrity sha512-7JFP/FWe5vEZMn0dW2tclWVaYlSk0/PHQYM2G89ZlWiCm16LHyuSj+9fGiEXMew37zVTfq1KkNYV+7BBeQmyyg==
    dependencies:
      "@tiptap/core" "^3.4.0"
      "@tiptap/extension-blockquote" "^3.4.0"
      "@tiptap/extension-bold" "^3.4.0"
      "@tiptap/extension-bullet-list" "^3.4.0"
      "@tiptap/extension-code" "^3.4.0"
      "@tiptap/extension-code-block" "^3.4.0"
      "@tiptap/extension-document" "^3.4.0"
      "@tiptap/extension-dropcursor" "^3.4.0"
      "@tiptap/extension-gapcursor" "^3.4.0"
      "@tiptap/extension-hard-break" "^3.4.0"
      "@tiptap/extension-heading" "^3.4.0"
      "@tiptap/extension-horizontal-rule" "^3.4.0"
      "@tiptap/extension-italic" "^3.4.0"
      "@tiptap/extension-link" "^3.4.0"
      "@tiptap/extension-list" "^3.4.0"
      "@tiptap/extension-list-item" "^3.4.0"
      "@tiptap/extension-list-keymap" "^3.4.0"
      "@tiptap/extension-ordered-list" "^3.4.0"
      "@tiptap/extension-paragraph" "^3.4.0"
      "@tiptap/extension-strike" "^3.4.0"
      "@tiptap/extension-text" "^3.4.0"
      "@tiptap/extension-underline" "^3.4.0"
      "@tiptap/extensions" "^3.4.0"
      "@tiptap/pm" "^3.4.0"
  
  "@types/backbone@1.4.15":
    version "1.4.15"
    resolved "https://registry.npmjs.org/@types/backbone/-/backbone-1.4.15.tgz"
    integrity sha512-WWeKtYlsIMtDyLbbhkb96taJMEbfQBnuz7yw1u0pkphCOtksemoWhIXhK74VRCY9hbjnsH3rsJu2uUiFtnsEYg==
    dependencies:
      "@types/jquery" "*"
      "@types/underscore" "*"
  
  "@types/jquery@*":
    version "3.5.32"
    resolved "https://registry.npmjs.org/@types/jquery/-/jquery-3.5.32.tgz"
    integrity sha512-b9Xbf4CkMqS02YH8zACqN1xzdxc3cO735Qe5AbSUFmyOiaWAbcpqh9Wna+Uk0vgACvoQHpWDg2rGdHkYPLmCiQ==
    dependencies:
      "@types/sizzle" "*"
  
  "@types/linkify-it@^5":
    version "5.0.0"
    resolved "https://registry.npmjs.org/@types/linkify-it/-/linkify-it-5.0.0.tgz"
    integrity sha512-sVDA58zAw4eWAffKOaQH5/5j3XeayukzDk+ewSsnv3p4yJEZHCCzMDiZM8e0OUrRvmpGZ85jf4yDHkHsgBNr9Q==
  
  "@types/markdown-it@^14.0.0":
    version "14.1.2"
    resolved "https://registry.npmjs.org/@types/markdown-it/-/markdown-it-14.1.2.tgz"
    integrity sha512-promo4eFwuiW+TfGxhi+0x3czqTYJkG8qB17ZUJiVF10Xm7NLVRSLUsfRTU/6h1e24VvRnXCx+hG7li58lkzog==
    dependencies:
      "@types/linkify-it" "^5"
      "@types/mdurl" "^2"
  
  "@types/mdurl@^2":
    version "2.0.0"
    resolved "https://registry.npmjs.org/@types/mdurl/-/mdurl-2.0.0.tgz"
    integrity sha512-RGdgjQUZba5p6QEFAVx2OGb8rQDL/cPRG7GiedRzMcJ1tYnUANBncjbSB1NRGwbvjcPeikRABz2nshyPk1bhWg==
  
  "@types/sizzle@*":
    version "2.3.9"
    resolved "https://registry.npmjs.org/@types/sizzle/-/sizzle-2.3.9.tgz"
    integrity sha512-xzLEyKB50yqCUPUJkIsrVvoWNfFUbIZI+RspLWt8u+tIW/BetMBZtgV2LY/2o+tYH8dRvQ+eoPf3NdhQCcLE2w==
  
  "@types/underscore@*":
    version "1.13.0"
    resolved "https://registry.npmjs.org/@types/underscore/-/underscore-1.13.0.tgz"
    integrity sha512-L6LBgy1f0EFQZ+7uSA57+n2g/s4Qs5r06Vwrwn0/nuK1de+adz00NWaztRQ30aEqw5qOaWbPI8u2cGQ52lj6VA==
  
  argparse@^2.0.1:
    version "2.0.1"
    resolved "https://registry.npmjs.org/argparse/-/argparse-2.0.1.tgz"
    integrity sha512-8+9WqebbFzpX9OR+Wa6O29asIogeRMzcGtAINdpMHHyAg10f05aSFVBbcEqGf/PXw1EjAZ+q2/bEBg3DvurK3Q==
  
  backbone-undo@0.2.6:
    version "0.2.6"
    resolved "https://registry.npmjs.org/backbone-undo/-/backbone-undo-0.2.6.tgz"
    integrity sha512-AsfpNiljLXlk7TcffDUu3EAUq7CxWbyTNwARWrql5XTzN4vh6WzEEBZYaKK4kTTz+iW1tSzqUooaGRIwO83kWA==
    dependencies:
      backbone ">=1.0.0"
      underscore ">=1.4.4"
  
  backbone@>=1.0.0:
    version "1.6.1"
    resolved "https://registry.npmjs.org/backbone/-/backbone-1.6.1.tgz"
    integrity sha512-YQzWxOrIgL6BoFnZjThVN99smKYhyEXXFyJJ2lsF1wJLyo4t+QjmkLrH8/fN22FZ4ykF70Xq7PgTugJVR4zS9Q==
    dependencies:
      underscore ">=1.8.3"
  
  backbone@1.4.1:
    version "1.4.1"
    resolved "https://registry.npmjs.org/backbone/-/backbone-1.4.1.tgz"
    integrity sha512-ADy1ztN074YkWbHi8ojJVFe3vAanO/lrzMGZWUClIP7oDD/Pjy2vrASraUP+2EVCfIiTtCW4FChVow01XneivA==
    dependencies:
      underscore ">=1.8.3"
  
  braces@^3.0.3:
    version "3.0.3"
    resolved "https://registry.npmjs.org/braces/-/braces-3.0.3.tgz"
    integrity sha512-yQbXgO/OSZVD2IsiLlro+7Hf6Q18EJrKSEsdoMzKePKXct3gvD8oLcOQdIzGupr5Fj+EDe8gO/lxc1BzfMpxvA==
    dependencies:
      fill-range "^7.1.1"
  
  chownr@^3.0.0:
    version "3.0.0"
    resolved "https://registry.npmjs.org/chownr/-/chownr-3.0.0.tgz"
    integrity sha512-+IxzY9BZOQd/XuYPRmrvEVjF/nqj5kgT4kEq7VofrDoM1MxoRjEWkrCC3EtLi59TVawxTAn+orJwFQcrqEN1+g==
  
  codemirror-formatting@1.0.0:
    version "1.0.0"
    resolved "https://registry.npmjs.org/codemirror-formatting/-/codemirror-formatting-1.0.0.tgz"
    integrity sha512-br9yM6eJI3pJHekEnoyHaBEb1B7XxxDjju+vRyBe8QGLp5saTIXXkZ+eFCTqXSAtI8QEZDFVEX2/SOjH2sVWRQ==
  
  codemirror@5.63.0:
    version "5.63.0"
    resolved "https://registry.npmjs.org/codemirror/-/codemirror-5.63.0.tgz"
    integrity sha512-KlLWRPggDg2rBD1Mx7/EqEhaBdy+ybBCVh/efgjBDsPpMeEu6MbTAJzIT4TuCzvmbTEgvKOGzVT6wdBTNusqrg==
  
  crelt@^1.0.0:
    version "1.0.6"
    resolved "https://registry.npmjs.org/crelt/-/crelt-1.0.6.tgz"
    integrity sha512-VQ2MBenTq1fWZUH9DJNGti7kKv6EeAuYr3cLwxUWhIu1baTaXh4Ib5W2CqHVqib4/MqbYGJqiL3Zb8GJZr3l4g==
  
  detect-libc@^1.0.3:
    version "1.0.3"
    resolved "https://registry.npmjs.org/detect-libc/-/detect-libc-1.0.3.tgz"
    integrity sha512-pGjwhsmsp4kL2RTz08wcOlGN83otlqHeD/Z5T8GXZB+/YcpQ/dgo+lbU8ZsGxV0HIvqqxo9l7mqYwyYMD9bKDg==
  
  detect-libc@^2.0.3, detect-libc@^2.0.4:
    version "2.0.4"
    resolved "https://registry.npmjs.org/detect-libc/-/detect-libc-2.0.4.tgz"
    integrity sha512-3UDv+G9CsCKO1WKMGw9fwq/SWJYbI0c5Y7LU1AXYoDdbhE2AHQ6N6Nb34sG8Fj7T5APy8qXDCKuuIHd1BR0tVA==
  
  enhanced-resolve@^5.18.1:
    version "5.18.2"
    resolved "https://registry.npmjs.org/enhanced-resolve/-/enhanced-resolve-5.18.2.tgz"
    integrity sha512-6Jw4sE1maoRJo3q8MsSIn2onJFbLTOjY9hlx4DZXmOKvLRd1Ok2kXmAGXaafL2+ijsJZ1ClYbl/pmqr9+k4iUQ==
    dependencies:
      graceful-fs "^4.2.4"
      tapable "^2.2.0"
  
  entities@^4.4.0:
    version "4.5.0"
    resolved "https://registry.npmjs.org/entities/-/entities-4.5.0.tgz"
    integrity sha512-V0hjH4dGPh9Ao5p0MoRY6BVqtwCjhz6vI5LT8AJ55H+4g9/4vbHx1I54fS0XuclLhDHArPQCiMjDxjaL8fPxhw==
  
  esbuild@^0.25.6:
    version "0.25.6"
    resolved "https://registry.npmjs.org/esbuild/-/esbuild-0.25.6.tgz"
    integrity sha512-GVuzuUwtdsghE3ocJ9Bs8PNoF13HNQ5TXbEi2AhvVb8xU1Iwt9Fos9FEamfoee+u/TOsn7GUWc04lz46n2bbTg==
    optionalDependencies:
      "@esbuild/aix-ppc64" "0.25.6"
      "@esbuild/android-arm" "0.25.6"
      "@esbuild/android-arm64" "0.25.6"
      "@esbuild/android-x64" "0.25.6"
      "@esbuild/darwin-arm64" "0.25.6"
      "@esbuild/darwin-x64" "0.25.6"
      "@esbuild/freebsd-arm64" "0.25.6"
      "@esbuild/freebsd-x64" "0.25.6"
      "@esbuild/linux-arm" "0.25.6"
      "@esbuild/linux-arm64" "0.25.6"
      "@esbuild/linux-ia32" "0.25.6"
      "@esbuild/linux-loong64" "0.25.6"
      "@esbuild/linux-mips64el" "0.25.6"
      "@esbuild/linux-ppc64" "0.25.6"
      "@esbuild/linux-riscv64" "0.25.6"
      "@esbuild/linux-s390x" "0.25.6"
      "@esbuild/linux-x64" "0.25.6"
      "@esbuild/netbsd-arm64" "0.25.6"
      "@esbuild/netbsd-x64" "0.25.6"
      "@esbuild/openbsd-arm64" "0.25.6"
      "@esbuild/openbsd-x64" "0.25.6"
      "@esbuild/openharmony-arm64" "0.25.6"
      "@esbuild/sunos-x64" "0.25.6"
      "@esbuild/win32-arm64" "0.25.6"
      "@esbuild/win32-ia32" "0.25.6"
      "@esbuild/win32-x64" "0.25.6"
  
  escape-string-regexp@^4.0.0:
    version "4.0.0"
    resolved "https://registry.npmjs.org/escape-string-regexp/-/escape-string-regexp-4.0.0.tgz"
    integrity sha512-TtpcNJ3XAzx3Gq8sWRzJaVajRs0uVxA2YAkdb1jm2YkPz4G6egUFAyA3n5vtEIZefPk5Wa4UXbKuS5fKkJWdgA==
  
  fill-range@^7.1.1:
    version "7.1.1"
    resolved "https://registry.npmjs.org/fill-range/-/fill-range-7.1.1.tgz"
    integrity sha512-YsGpe3WHLK8ZYi4tWDg2Jy3ebRz2rXowDxnld4bkQB00cc/1Zw9AWnC0i9ztDJitivtQvaI9KaLyKrc+hBW0yg==
    dependencies:
      to-regex-range "^5.0.1"
  
  graceful-fs@^4.2.4:
    version "4.2.11"
    resolved "https://registry.npmjs.org/graceful-fs/-/graceful-fs-4.2.11.tgz"
    integrity sha512-RbJ5/jmFcNNCcDV5o9eTnBLJ/HszWV0P73bc+Ff4nS/rJj+YaS6IGyiOL0VoBYX+l1Wrl3k63h/KrH+nhJ0XvQ==
  
  grapesjs-blocks-basic@^1.0.2:
    version "1.0.2"
    resolved "https://registry.npmjs.org/grapesjs-blocks-basic/-/grapesjs-blocks-basic-1.0.2.tgz"
    integrity sha512-SsPKf/CvQkZ+kABOsN01auAPHXh/2J20g0AWYF7fHR3Gw3TZLtdIxT1mk90Qzi76u/7sUYi3CTI+i3ZaTtXHRA==
  
  grapesjs-preset-webpage@^1.0.3:
    version "1.0.3"
    resolved "https://registry.npmjs.org/grapesjs-preset-webpage/-/grapesjs-preset-webpage-1.0.3.tgz"
    integrity sha512-C0VOKLAdhv0j1f81c6F2uk3JpJvxgXl5DeHUtDa5qGf/HZzaCmQxsvd8Re3Oh5Cah4uUCqoi9uB5FYx3hLND2w==
  
  grapesjs@^0.22.11:
    version "0.22.11"
    resolved "https://registry.npmjs.org/grapesjs/-/grapesjs-0.22.11.tgz"
    integrity sha512-zGG13MEPDwbnijjJ56GZ9mCWIPbcZ53OXyC6fIDiipJC3/ZnsRSDMIivzltoVOn61cv64tcHuyrcltCuVeMi+A==
    dependencies:
      "@types/backbone" "1.4.15"
      backbone "1.4.1"
      backbone-undo "0.2.6"
      codemirror "5.63.0"
      codemirror-formatting "1.0.0"
      html-entities "~1.4.0"
      promise-polyfill "8.3.0"
      underscore "1.13.1"
  
  html-entities@~1.4.0:
    version "1.4.0"
    resolved "https://registry.npmjs.org/html-entities/-/html-entities-1.4.0.tgz"
    integrity sha512-8nxjcBcd8wovbeKx7h3wTji4e6+rhaVuPNpMqwWgnHh+N9ToqsCs6XztWRBPQ+UtzsoMAdKZtUENoVzU/EMtZA==
  
  is-extglob@^2.1.1:
    version "2.1.1"
    resolved "https://registry.npmjs.org/is-extglob/-/is-extglob-2.1.1.tgz"
    integrity sha512-SbKbANkN603Vi4jEZv49LeVJMn4yGwsbzZworEoyEiutsN3nJYdbO36zfhGJ6QEDpOZIFkDtnq5JRxmvl3jsoQ==
  
  is-glob@^4.0.3:
    version "4.0.3"
    resolved "https://registry.npmjs.org/is-glob/-/is-glob-4.0.3.tgz"
    integrity sha512-xelSayHH36ZgE7ZWhli7pW34hNbNl8Ojv5KVmkJD4hBdD3th8Tfk9vYasLM+mXWOZhFkgZfxhLSnrwRr4elSSg==
    dependencies:
      is-extglob "^2.1.1"
  
  is-number@^7.0.0:
    version "7.0.0"
    resolved "https://registry.npmjs.org/is-number/-/is-number-7.0.0.tgz"
    integrity sha512-41Cifkg6e8TylSpdtTpeLVMqvSBEVzTttHvERD741+pnZ8ANv0004MRL43QKPDlK9cGvNp6NZWZUBlbGXYxxng==
  
  jiti@^2.4.2:
    version "2.4.2"
    resolved "https://registry.npmjs.org/jiti/-/jiti-2.4.2.tgz"
    integrity sha512-rg9zJN+G4n2nfJl5MW3BMygZX56zKPNVEYYqq7adpmMh4Jn2QNEwhvQlFy6jPVdcod7txZtKHWnyZiA3a0zP7A==
  
  lightningcss-win32-x64-msvc@1.30.1:
    version "1.30.1"
    resolved "https://registry.npmjs.org/lightningcss-win32-x64-msvc/-/lightningcss-win32-x64-msvc-1.30.1.tgz"
    integrity sha512-PVqXh48wh4T53F/1CCu8PIPCxLzWyCnn/9T5W1Jpmdy5h9Cwd+0YQS6/LwhHXSafuc61/xg9Lv5OrCby6a++jg==
  
  lightningcss@1.30.1:
    version "1.30.1"
    resolved "https://registry.npmjs.org/lightningcss/-/lightningcss-1.30.1.tgz"
    integrity sha512-xi6IyHML+c9+Q3W0S4fCQJOym42pyurFiJUHEcEyHS0CeKzia4yZDEsLlqOFykxOdHpNy0NmvVO31vcSqAxJCg==
    dependencies:
      detect-libc "^2.0.3"
    optionalDependencies:
      lightningcss-darwin-arm64 "1.30.1"
      lightningcss-darwin-x64 "1.30.1"
      lightningcss-freebsd-x64 "1.30.1"
      lightningcss-linux-arm-gnueabihf "1.30.1"
      lightningcss-linux-arm64-gnu "1.30.1"
      lightningcss-linux-arm64-musl "1.30.1"
      lightningcss-linux-x64-gnu "1.30.1"
      lightningcss-linux-x64-musl "1.30.1"
      lightningcss-win32-arm64-msvc "1.30.1"
      lightningcss-win32-x64-msvc "1.30.1"
  
  linkify-it@^5.0.0:
    version "5.0.0"
    resolved "https://registry.npmjs.org/linkify-it/-/linkify-it-5.0.0.tgz"
    integrity sha512-5aHCbzQRADcdP+ATqnDuhhJ/MRIqDkZX5pyjFHRRysS8vZ5AbqGEoFIb6pYHPZ+L/OC2Lc+xT8uHVVR5CAK/wQ==
    dependencies:
      uc.micro "^2.0.0"
  
  linkifyjs@^4.3.2:
    version "4.3.2"
    resolved "https://registry.npmjs.org/linkifyjs/-/linkifyjs-4.3.2.tgz"
    integrity sha512-NT1CJtq3hHIreOianA8aSXn6Cw0JzYOuDQbOrSPe7gqFnCpKP++MQe3ODgO3oh2GJFORkAAdqredOa60z63GbA==
  
  magic-string@^0.30.17:
    version "0.30.17"
    resolved "https://registry.npmjs.org/magic-string/-/magic-string-0.30.17.tgz"
    integrity sha512-sNPKHvyjVf7gyjwS4xGTaW/mCnF8wnjtifKBEhxfZ7E/S8tQ0rssrwGNn6q8JH/ohItJfSQp9mBtQYuTlH5QnA==
    dependencies:
      "@jridgewell/sourcemap-codec" "^1.5.0"
  
  markdown-it@^14.0.0:
    version "14.1.0"
    resolved "https://registry.npmjs.org/markdown-it/-/markdown-it-14.1.0.tgz"
    integrity sha512-a54IwgWPaeBCAAsv13YgmALOF1elABB08FxO9i+r4VFk5Vl4pKokRPeX8u5TCgSsPi6ec1otfLjdOpVcgbpshg==
    dependencies:
      argparse "^2.0.1"
      entities "^4.4.0"
      linkify-it "^5.0.0"
      mdurl "^2.0.0"
      punycode.js "^2.3.1"
      uc.micro "^2.1.0"
  
  mdurl@^2.0.0:
    version "2.0.0"
    resolved "https://registry.npmjs.org/mdurl/-/mdurl-2.0.0.tgz"
    integrity sha512-Lf+9+2r+Tdp5wXDXC4PcIBjTDtq4UKjCPMQhKIuzpJNW0b96kVqSwW0bT7FhRSfmAiFYgP+SCRvdrDozfh0U5w==
  
  micromatch@^4.0.5:
    version "4.0.8"
    resolved "https://registry.npmjs.org/micromatch/-/micromatch-4.0.8.tgz"
    integrity sha512-PXwfBhYu0hBCPw8Dn0E+WDYb7af3dSLVWKi3HGv84IdF4TyFoC0ysxFd0Goxw7nSv4T/PzEJQxsYsEiFCKo2BA==
    dependencies:
      braces "^3.0.3"
      picomatch "^2.3.1"
  
  minipass@^7.0.4, minipass@^7.1.2:
    version "7.1.2"
    resolved "https://registry.npmjs.org/minipass/-/minipass-7.1.2.tgz"
    integrity sha512-qOOzS1cBTWYF4BH8fVePDBOO9iptMnGUEZwNc/cMWnTV2nVLZ7VoNWEPHkYczZA0pdoA7dl6e7FL659nX9S2aw==
  
  minizlib@^3.0.1:
    version "3.0.2"
    resolved "https://registry.npmjs.org/minizlib/-/minizlib-3.0.2.tgz"
    integrity sha512-oG62iEk+CYt5Xj2YqI5Xi9xWUeZhDI8jjQmC5oThVH5JGCTgIjr7ciJDzC7MBzYd//WvR1OTmP5Q38Q8ShQtVA==
    dependencies:
      minipass "^7.1.2"
  
  mkdirp@^3.0.1:
    version "3.0.1"
    resolved "https://registry.npmjs.org/mkdirp/-/mkdirp-3.0.1.tgz"
    integrity sha512-+NsyUUAZDmo6YVHzL/stxSu3t9YS1iljliy3BSDrXJ/dkn1KYdmtZODGGjLcc9XLgVVpH4KshHB8XmZgMhaBXg==
  
  mri@^1.2.0:
    version "1.2.0"
    resolved "https://registry.npmjs.org/mri/-/mri-1.2.0.tgz"
    integrity sha512-tzzskb3bG8LvYGFF/mDTpq3jpI6Q9wc3LEmBaghu+DdCssd1FakN7Bc0hVNmEyGq1bq3RgfkCb3cmQLpNPOroA==
  
  node-addon-api@^7.0.0:
    version "7.1.1"
    resolved "https://registry.npmjs.org/node-addon-api/-/node-addon-api-7.1.1.tgz"
    integrity sha512-5m3bsyrjFWE1xf7nz7YXdN4udnVtXK6/Yfgn5qnahL6bCkf2yKt4k3nuTKAtT4r3IG8JNR2ncsIMdZuAzJjHQQ==
  
  orderedmap@^2.0.0:
    version "2.1.1"
    resolved "https://registry.npmjs.org/orderedmap/-/orderedmap-2.1.1.tgz"
    integrity sha512-TvAWxi0nDe1j/rtMcWcIj94+Ffe6n7zhow33h40SKxmsmozs6dz/e+EajymfoFcHd7sxNn8yHM8839uixMOV6g==
  
  picocolors@^1.1.1:
    version "1.1.1"
    resolved "https://registry.npmjs.org/picocolors/-/picocolors-1.1.1.tgz"
    integrity sha512-xceH2snhtb5M9liqDsmEw56le376mTZkEX/jEb/RxNFyegNul7eNslCXP9FDj/Lcu0X8KEyMceP2ntpaHrDEVA==
  
  picomatch@^2.3.1:
    version "2.3.1"
    resolved "https://registry.npmjs.org/picomatch/-/picomatch-2.3.1.tgz"
    integrity sha512-JU3teHTNjmE2VCGFzuY8EXzCDVwEqB2a8fsIvwaStHhAWJEeVd1o1QD80CU6+ZdEXXSLbSsuLwJjkCBWqRQUVA==
  
  promise-polyfill@8.3.0:
    version "8.3.0"
    resolved "https://registry.npmjs.org/promise-polyfill/-/promise-polyfill-8.3.0.tgz"
    integrity sha512-H5oELycFml5yto/atYqmjyigJoAo3+OXwolYiH7OfQuYlAqhxNvTfiNMbV9hsC6Yp83yE5r2KTVmtrG6R9i6Pg==
  
  prosemirror-changeset@^2.3.0:
    version "2.3.1"
    resolved "https://registry.npmjs.org/prosemirror-changeset/-/prosemirror-changeset-2.3.1.tgz"
    integrity sha512-j0kORIBm8ayJNl3zQvD1TTPHJX3g042et6y/KQhZhnPrruO8exkTgG8X+NRpj7kIyMMEx74Xb3DyMIBtO0IKkQ==
    dependencies:
      prosemirror-transform "^1.0.0"
  
  prosemirror-collab@^1.3.1:
    version "1.3.1"
    resolved "https://registry.npmjs.org/prosemirror-collab/-/prosemirror-collab-1.3.1.tgz"
    integrity sha512-4SnynYR9TTYaQVXd/ieUvsVV4PDMBzrq2xPUWutHivDuOshZXqQ5rGbZM84HEaXKbLdItse7weMGOUdDVcLKEQ==
    dependencies:
      prosemirror-state "^1.0.0"
  
  prosemirror-commands@^1.0.0, prosemirror-commands@^1.6.2:
    version "1.7.1"
    resolved "https://registry.npmjs.org/prosemirror-commands/-/prosemirror-commands-1.7.1.tgz"
    integrity sha512-rT7qZnQtx5c0/y/KlYaGvtG411S97UaL6gdp6RIZ23DLHanMYLyfGBV5DtSnZdthQql7W+lEVbpSfwtO8T+L2w==
    dependencies:
      prosemirror-model "^1.0.0"
      prosemirror-state "^1.0.0"
      prosemirror-transform "^1.10.2"
  
  prosemirror-dropcursor@^1.8.1:
    version "1.8.2"
    resolved "https://registry.npmjs.org/prosemirror-dropcursor/-/prosemirror-dropcursor-1.8.2.tgz"
    integrity sha512-CCk6Gyx9+Tt2sbYk5NK0nB1ukHi2ryaRgadV/LvyNuO3ena1payM2z6Cg0vO1ebK8cxbzo41ku2DE5Axj1Zuiw==
    dependencies:
      prosemirror-state "^1.0.0"
      prosemirror-transform "^1.1.0"
      prosemirror-view "^1.1.0"
  
  prosemirror-gapcursor@^1.3.2:
    version "1.3.2"
    resolved "https://registry.npmjs.org/prosemirror-gapcursor/-/prosemirror-gapcursor-1.3.2.tgz"
    integrity sha512-wtjswVBd2vaQRrnYZaBCbyDqr232Ed4p2QPtRIUK5FuqHYKGWkEwl08oQM4Tw7DOR0FsasARV5uJFvMZWxdNxQ==
    dependencies:
      prosemirror-keymap "^1.0.0"
      prosemirror-model "^1.0.0"
      prosemirror-state "^1.0.0"
      prosemirror-view "^1.0.0"
  
  prosemirror-history@^1.0.0, prosemirror-history@^1.4.1:
    version "1.4.1"
    resolved "https://registry.npmjs.org/prosemirror-history/-/prosemirror-history-1.4.1.tgz"
    integrity sha512-2JZD8z2JviJrboD9cPuX/Sv/1ChFng+xh2tChQ2X4bB2HeK+rra/bmJ3xGntCcjhOqIzSDG6Id7e8RJ9QPXLEQ==
    dependencies:
      prosemirror-state "^1.2.2"
      prosemirror-transform "^1.0.0"
      prosemirror-view "^1.31.0"
      rope-sequence "^1.3.0"
  
  prosemirror-inputrules@^1.4.0:
    version "1.5.0"
    resolved "https://registry.npmjs.org/prosemirror-inputrules/-/prosemirror-inputrules-1.5.0.tgz"
    integrity sha512-K0xJRCmt+uSw7xesnHmcn72yBGTbY45vm8gXI4LZXbx2Z0jwh5aF9xrGQgrVPu0WbyFVFF3E/o9VhJYz6SQWnA==
    dependencies:
      prosemirror-state "^1.0.0"
      prosemirror-transform "^1.0.0"
  
  prosemirror-keymap@^1.0.0, prosemirror-keymap@^1.1.2, prosemirror-keymap@^1.2.2:
    version "1.2.3"
    resolved "https://registry.npmjs.org/prosemirror-keymap/-/prosemirror-keymap-1.2.3.tgz"
    integrity sha512-4HucRlpiLd1IPQQXNqeo81BGtkY8Ai5smHhKW9jjPKRc2wQIxksg7Hl1tTI2IfT2B/LgX6bfYvXxEpJl7aKYKw==
    dependencies:
      prosemirror-state "^1.0.0"
      w3c-keyname "^2.2.0"
  
  prosemirror-markdown@^1.13.1:
    version "1.13.2"
    resolved "https://registry.npmjs.org/prosemirror-markdown/-/prosemirror-markdown-1.13.2.tgz"
    integrity sha512-FPD9rHPdA9fqzNmIIDhhnYQ6WgNoSWX9StUZ8LEKapaXU9i6XgykaHKhp6XMyXlOWetmaFgGDS/nu/w9/vUc5g==
    dependencies:
      "@types/markdown-it" "^14.0.0"
      markdown-it "^14.0.0"
      prosemirror-model "^1.25.0"
  
  prosemirror-menu@^1.2.4:
    version "1.2.5"
    resolved "https://registry.npmjs.org/prosemirror-menu/-/prosemirror-menu-1.2.5.tgz"
    integrity sha512-qwXzynnpBIeg1D7BAtjOusR+81xCp53j7iWu/IargiRZqRjGIlQuu1f3jFi+ehrHhWMLoyOQTSRx/IWZJqOYtQ==
    dependencies:
      crelt "^1.0.0"
      prosemirror-commands "^1.0.0"
      prosemirror-history "^1.0.0"
      prosemirror-state "^1.0.0"
  
  prosemirror-model@^1.0.0, prosemirror-model@^1.20.0, prosemirror-model@^1.21.0, prosemirror-model@^1.22.1, prosemirror-model@^1.24.1, prosemirror-model@^1.25.0, prosemirror-model@^1.8.1:
    version "1.25.3"
    resolved "https://registry.npmjs.org/prosemirror-model/-/prosemirror-model-1.25.3.tgz"
    integrity sha512-dY2HdaNXlARknJbrManZ1WyUtos+AP97AmvqdOQtWtrrC5g4mohVX5DTi9rXNFSk09eczLq9GuNTtq3EfMeMGA==
    dependencies:
      orderedmap "^2.0.0"
  
  prosemirror-schema-basic@^1.2.3:
    version "1.2.4"
    resolved "https://registry.npmjs.org/prosemirror-schema-basic/-/prosemirror-schema-basic-1.2.4.tgz"
    integrity sha512-ELxP4TlX3yr2v5rM7Sb70SqStq5NvI15c0j9j/gjsrO5vaw+fnnpovCLEGIcpeGfifkuqJwl4fon6b+KdrODYQ==
    dependencies:
      prosemirror-model "^1.25.0"
  
  prosemirror-schema-list@^1.5.0:
    version "1.5.1"
    resolved "https://registry.npmjs.org/prosemirror-schema-list/-/prosemirror-schema-list-1.5.1.tgz"
    integrity sha512-927lFx/uwyQaGwJxLWCZRkjXG0p48KpMj6ueoYiu4JX05GGuGcgzAy62dfiV8eFZftgyBUvLx76RsMe20fJl+Q==
    dependencies:
      prosemirror-model "^1.0.0"
      prosemirror-state "^1.0.0"
      prosemirror-transform "^1.7.3"
  
  prosemirror-state@^1.0.0, prosemirror-state@^1.2.2, prosemirror-state@^1.3.1, prosemirror-state@^1.4.2, prosemirror-state@^1.4.3:
    version "1.4.3"
    resolved "https://registry.npmjs.org/prosemirror-state/-/prosemirror-state-1.4.3.tgz"
    integrity sha512-goFKORVbvPuAQaXhpbemJFRKJ2aixr+AZMGiquiqKxaucC6hlpHNZHWgz5R7dS4roHiwq9vDctE//CZ++o0W1Q==
    dependencies:
      prosemirror-model "^1.0.0"
      prosemirror-transform "^1.0.0"
      prosemirror-view "^1.27.0"
  
  prosemirror-tables@^1.6.4:
    version "1.8.1"
    resolved "https://registry.npmjs.org/prosemirror-tables/-/prosemirror-tables-1.8.1.tgz"
    integrity sha512-DAgDoUYHCcc6tOGpLVPSU1k84kCUWTWnfWX3UDy2Delv4ryH0KqTD6RBI6k4yi9j9I8gl3j8MkPpRD/vWPZbug==
    dependencies:
      prosemirror-keymap "^1.2.2"
      prosemirror-model "^1.25.0"
      prosemirror-state "^1.4.3"
      prosemirror-transform "^1.10.3"
      prosemirror-view "^1.39.1"
  
  prosemirror-trailing-node@^3.0.0:
    version "3.0.0"
    resolved "https://registry.npmjs.org/prosemirror-trailing-node/-/prosemirror-trailing-node-3.0.0.tgz"
    integrity sha512-xiun5/3q0w5eRnGYfNlW1uU9W6x5MoFKWwq/0TIRgt09lv7Hcser2QYV8t4muXbEr+Fwo0geYn79Xs4GKywrRQ==
    dependencies:
      "@remirror/core-constants" "3.0.0"
      escape-string-regexp "^4.0.0"
  
  prosemirror-transform@^1.0.0, prosemirror-transform@^1.1.0, prosemirror-transform@^1.10.2, prosemirror-transform@^1.10.3, prosemirror-transform@^1.2.1, prosemirror-transform@^1.7.3:
    version "1.10.4"
    resolved "https://registry.npmjs.org/prosemirror-transform/-/prosemirror-transform-1.10.4.tgz"
    integrity sha512-pwDy22nAnGqNR1feOQKHxoFkkUtepoFAd3r2hbEDsnf4wp57kKA36hXsB3njA9FtONBEwSDnDeCiJe+ItD+ykw==
    dependencies:
      prosemirror-model "^1.21.0"
  
  prosemirror-view@^1.0.0, prosemirror-view@^1.1.0, prosemirror-view@^1.13.3, prosemirror-view@^1.27.0, prosemirror-view@^1.31.0, prosemirror-view@^1.33.8, prosemirror-view@^1.38.1, prosemirror-view@^1.39.1:
    version "1.40.1"
    resolved "https://registry.npmjs.org/prosemirror-view/-/prosemirror-view-1.40.1.tgz"
    integrity sha512-pbwUjt3G7TlsQQHDiYSupWBhJswpLVB09xXm1YiJPdkjkh9Pe7Y51XdLh5VWIZmROLY8UpUpG03lkdhm9lzIBA==
    dependencies:
      prosemirror-model "^1.20.0"
      prosemirror-state "^1.0.0"
      prosemirror-transform "^1.1.0"
  
  punycode.js@^2.3.1:
    version "2.3.1"
    resolved "https://registry.npmjs.org/punycode.js/-/punycode.js-2.3.1.tgz"
    integrity sha512-uxFIHU0YlHYhDQtV4R9J6a52SLx28BCjT+4ieh7IGbgwVJWO+km431c4yRlREUAsAmt/uMjQUyQHNEPf0M39CA==
  
  rope-sequence@^1.3.0:
    version "1.3.4"
    resolved "https://registry.npmjs.org/rope-sequence/-/rope-sequence-1.3.4.tgz"
    integrity sha512-UT5EDe2cu2E/6O4igUr5PSFs23nvvukicWHx6GnOPlHAiiYbzNuCRQCuiUdHJQcqKalLKlrYJnjY0ySGsXNQXQ==
  
  source-map-js@^1.2.1:
    version "1.2.1"
    resolved "https://registry.npmjs.org/source-map-js/-/source-map-js-1.2.1.tgz"
    integrity sha512-UXWMKhLOwVKb728IUtQPXxfYU+usdybtUrK/8uGE8CQMvrhOpwvzDBwj0QhSL7MQc7vIsISBG8VQ8+IDQxpfQA==
  
  tailwindcss@^4.1.11, tailwindcss@4.1.11:
    version "4.1.11"
    resolved "https://registry.npmjs.org/tailwindcss/-/tailwindcss-4.1.11.tgz"
    integrity sha512-2E9TBm6MDD/xKYe+dvJZAmg3yxIEDNRc0jwlNyDg/4Fil2QcSLjFKGVff0lAf1jjeaArlG/M75Ey/EYr/OJtBA==
  
  tapable@^2.2.0:
    version "2.2.2"
    resolved "https://registry.npmjs.org/tapable/-/tapable-2.2.2.tgz"
    integrity sha512-Re10+NauLTMCudc7T5WLFLAwDhQ0JWdrMK+9B2M8zR5hRExKmsRDCBA7/aV/pNJFltmBFO5BAMlQFi/vq3nKOg==
  
  tar@^7.4.3:
    version "7.4.3"
    resolved "https://registry.npmjs.org/tar/-/tar-7.4.3.tgz"
    integrity sha512-5S7Va8hKfV7W5U6g3aYxXmlPoZVAwUMy9AOKyF2fVuZa2UD3qZjg578OrLRt8PcNN1PleVaL/5/yYATNL0ICUw==
    dependencies:
      "@isaacs/fs-minipass" "^4.0.0"
      chownr "^3.0.0"
      minipass "^7.1.2"
      minizlib "^3.0.1"
      mkdirp "^3.0.1"
      yallist "^5.0.0"
  
  to-regex-range@^5.0.1:
    version "5.0.1"
    resolved "https://registry.npmjs.org/to-regex-range/-/to-regex-range-5.0.1.tgz"
    integrity sha512-65P7iz6X5yEr1cwcgvQxbbIw7Uk3gOy5dIdtZ4rDveLqhrdJP+Li/Hx6tyK0NEb+2GCyneCMJiGqrADCSNk8sQ==
    dependencies:
      is-number "^7.0.0"
  
  uc.micro@^2.0.0, uc.micro@^2.1.0:
    version "2.1.0"
    resolved "https://registry.npmjs.org/uc.micro/-/uc.micro-2.1.0.tgz"
    integrity sha512-ARDJmphmdvUk6Glw7y9DQ2bFkKBHwQHLi2lsaH6PPmz/Ka9sFOBsBluozhDltWmnv9u/cF6Rt87znRTPV+yp/A==
  
  underscore@>=1.4.4, underscore@>=1.8.3:
    version "1.13.7"
    resolved "https://registry.npmjs.org/underscore/-/underscore-1.13.7.tgz"
    integrity sha512-GMXzWtsc57XAtguZgaQViUOzs0KTkk8ojr3/xAxXLITqf/3EMwxC0inyETfDFjH/Krbhuep0HNbbjI9i/q3F3g==
  
  underscore@1.13.1:
    version "1.13.1"
    resolved "https://registry.npmjs.org/underscore/-/underscore-1.13.1.tgz"
    integrity sha512-hzSoAVtJF+3ZtiFX0VgfFPHEDRm7Y/QPjGyNo4TVdnDTdft3tr8hEkD25a1jC+TjTuE7tkHGKkhwCgs9dgBB2g==
  
  w3c-keyname@^2.2.0:
    version "2.2.8"
    resolved "https://registry.npmjs.org/w3c-keyname/-/w3c-keyname-2.2.8.tgz"
    integrity sha512-dpojBhNsCNN7T82Tm7k26A6G9ML3NkhDsnw9n/eoxSRlVBB4CEtIQ/KTCLI2Fwf3ataSXRhYFkQi3SlnFwPvPQ==
  
  yallist@^5.0.0:
    version "5.0.0"
    resolved "https://registry.npmjs.org/yallist/-/yallist-5.0.0.tgz"
    integrity sha512-YgvUTfwqyc7UXVMrB+SImsVYSmTS8X/tSrtdNZMImM+n7+QTriRXyXim0mBrTXNeqzVF0KWGgHPeiyViFFrNDw==
